<?xml version="1.0" encoding="UTF-8"?>
<testng-results skipped="0" failed="0" total="1" passed="1">
  <reporter-output>
  </reporter-output>
  <suite name="Default suite" duration-ms="22170" started-at="2015-02-24T17:50:17Z" finished-at="2015-02-24T17:50:40Z">
    <groups>
    </groups>
    <test name="Default test" duration-ms="22170" started-at="2015-02-24T17:50:17Z" finished-at="2015-02-24T17:50:40Z">
      <class name="com.example.tests.PrintPhoneCompareTests">
        <test-method status="PASS" signature="setUp()[pri:0, instance:com.example.tests.PrintPhoneCompareTests@629f0666]" name="setUp" is-config="true" duration-ms="3470" started-at="2015-02-24T19:50:17Z" finished-at="2015-02-24T19:50:21Z">
          <reporter-output>
          </reporter-output>
        </test-method> <!-- setUp -->
        <test-method status="PASS" signature="comparePrintphonesWithDb()[pri:0, instance:com.example.tests.PrintPhoneCompareTests@629f0666]" name="comparePrintphonesWithDb" duration-ms="18353" started-at="2015-02-24T19:50:21Z" finished-at="2015-02-24T19:50:39Z">
          <reporter-output>
          </reporter-output>
        </test-method> <!-- comparePrintphonesWithDb -->
        <test-method status="PASS" signature="tearDown()[pri:0, instance:com.example.tests.PrintPhoneCompareTests@629f0666]" name="tearDown" is-config="true" duration-ms="321" started-at="2015-02-24T19:50:39Z" finished-at="2015-02-24T19:50:40Z">
          <reporter-output>
          </reporter-output>
        </test-method> <!-- tearDown -->
      </class> <!-- com.example.tests.PrintPhoneCompareTests -->
    </test> <!-- Default test -->
  </suite> <!-- Default suite -->
</testng-results>
