<?xml version="1.0" encoding="UTF-8"?>
<testng-results skipped="0" failed="0" total="1" passed="1">
  <reporter-output>
  </reporter-output>
  <suite name="Default suite" duration-ms="19273" started-at="2014-12-18T23:02:27Z" finished-at="2014-12-18T23:02:46Z">
    <groups>
    </groups>
    <test name="Default test" duration-ms="19273" started-at="2014-12-18T23:02:27Z" finished-at="2014-12-18T23:02:46Z">
      <class name="com.example.tests.ContactModificationTests">
        <test-method status="PASS" signature="setUp()[pri:0, instance:com.example.tests.ContactModificationTests@5a42bbf4]" name="setUp" is-config="true" duration-ms="15569" started-at="2014-12-19T01:02:27Z" finished-at="2014-12-19T01:02:43Z">
          <reporter-output>
          </reporter-output>
        </test-method> <!-- setUp -->
        <test-method status="PASS" signature="modifySomeContact()[pri:0, instance:com.example.tests.ContactModificationTests@5a42bbf4]" name="modifySomeContact" duration-ms="3247" started-at="2014-12-19T01:02:43Z" finished-at="2014-12-19T01:02:46Z">
          <reporter-output>
          </reporter-output>
        </test-method> <!-- modifySomeContact -->
        <test-method status="PASS" signature="tearDown()[pri:0, instance:com.example.tests.ContactModificationTests@5a42bbf4]" name="tearDown" is-config="true" duration-ms="421" started-at="2014-12-19T01:02:46Z" finished-at="2014-12-19T01:02:46Z">
          <reporter-output>
          </reporter-output>
        </test-method> <!-- tearDown -->
      </class> <!-- com.example.tests.ContactModificationTests -->
    </test> <!-- Default test -->
  </suite> <!-- Default suite -->
</testng-results>
