<?xml version="1.0" encoding="UTF-8"?>
<testng-results skipped="0" failed="0" total="4" passed="4">
  <reporter-output>
  </reporter-output>
  <suite name="Default suite" duration-ms="17980" started-at="2014-12-07T18:32:10Z" finished-at="2014-12-07T18:32:28Z">
    <groups>
    </groups>
    <test name="Default test" duration-ms="17980" started-at="2014-12-07T18:32:10Z" finished-at="2014-12-07T18:32:28Z">
      <class name="com.example.tests.AlsoCopyOfGroupCreationTests">
        <test-method status="PASS" signature="testEmptyGroupCreation()[pri:0, instance:com.example.tests.AlsoCopyOfGroupCreationTests@13b6d03]" name="testEmptyGroupCreation" duration-ms="2470" started-at="2014-12-07T20:32:23Z" finished-at="2014-12-07T20:32:25Z">
          <reporter-output>
          </reporter-output>
        </test-method> <!-- testEmptyGroupCreation -->
        <test-method status="PASS" signature="testNonEmptyGroupCreation()[pri:0, instance:com.example.tests.AlsoCopyOfGroupCreationTests@13b6d03]" name="testNonEmptyGroupCreation" duration-ms="2570" started-at="2014-12-07T20:32:25Z" finished-at="2014-12-07T20:32:28Z">
          <reporter-output>
          </reporter-output>
        </test-method> <!-- testNonEmptyGroupCreation -->
      </class> <!-- com.example.tests.AlsoCopyOfGroupCreationTests -->
      <class name="com.example.tests.BaseForTests">
        <test-method status="PASS" signature="setUp()[pri:0, instance:com.example.tests.BaseForTests@5f150435]" name="setUp" is-config="true" duration-ms="7164" started-at="2014-12-07T20:32:10Z" finished-at="2014-12-07T20:32:17Z">
          <reporter-output>
          </reporter-output>
        </test-method> <!-- setUp -->
        <test-method status="PASS" signature="tearDown()[pri:0, instance:com.example.tests.BaseForTests@5f150435]" name="tearDown" is-config="true" duration-ms="180" started-at="2014-12-07T20:32:28Z" finished-at="2014-12-07T20:32:28Z">
          <reporter-output>
          </reporter-output>
        </test-method> <!-- tearDown -->
      </class> <!-- com.example.tests.BaseForTests -->
      <class name="com.example.tests.GroupCreationTests">
        <test-method status="PASS" signature="testEmptyGroupCreation()[pri:0, instance:com.example.tests.GroupCreationTests@73035e27]" name="testEmptyGroupCreation" duration-ms="2546" started-at="2014-12-07T20:32:17Z" finished-at="2014-12-07T20:32:20Z">
          <reporter-output>
          </reporter-output>
        </test-method> <!-- testEmptyGroupCreation -->
        <test-method status="PASS" signature="testNonEmptyGroupCreation()[pri:0, instance:com.example.tests.GroupCreationTests@73035e27]" name="testNonEmptyGroupCreation" duration-ms="3040" started-at="2014-12-07T20:32:20Z" finished-at="2014-12-07T20:32:23Z">
          <reporter-output>
          </reporter-output>
        </test-method> <!-- testNonEmptyGroupCreation -->
      </class> <!-- com.example.tests.GroupCreationTests -->
    </test> <!-- Default test -->
  </suite> <!-- Default suite -->
</testng-results>
