<?xml version="1.0" encoding="UTF-8"?>
<testng-results skipped="0" failed="0" total="3" passed="3">
  <reporter-output>
  </reporter-output>
  <suite name="Default suite" duration-ms="47282" started-at="2015-02-11T13:37:00Z" finished-at="2015-02-11T13:37:47Z">
    <groups>
    </groups>
    <test name="Default test" duration-ms="47282" started-at="2015-02-11T13:37:00Z" finished-at="2015-02-11T13:37:47Z">
      <class name="com.example.tests.ContactCreationTests">
        <test-method status="PASS" signature="setUp()[pri:0, instance:com.example.tests.ContactCreationTests@629f0666]" name="setUp" is-config="true" duration-ms="4651" started-at="2015-02-11T15:37:00Z" finished-at="2015-02-11T15:37:04Z">
          <reporter-output>
          </reporter-output>
        </test-method> <!-- setUp -->
        <test-method status="PASS" signature="testNonEmptyContactCreation(com.example.tests.ContactData)[pri:0, instance:com.example.tests.ContactCreationTests@629f0666]" name="testNonEmptyContactCreation" duration-ms="28875" started-at="2015-02-11T15:37:05Z" data-provider="contactsFromFile" finished-at="2015-02-11T15:37:34Z">
          <params>
            <param index="0">
              <value>
                <![CDATA[ContactData [firstname=text-428155382, lastname=]]]>
              </value>
            </param>
          </params>
          <reporter-output>
          </reporter-output>
        </test-method> <!-- testNonEmptyContactCreation -->
        <test-method status="PASS" signature="testNonEmptyContactCreation(com.example.tests.ContactData)[pri:0, instance:com.example.tests.ContactCreationTests@629f0666]" name="testNonEmptyContactCreation" duration-ms="6263" started-at="2015-02-11T15:37:34Z" data-provider="contactsFromFile" finished-at="2015-02-11T15:37:40Z">
          <params>
            <param index="0">
              <value>
                <![CDATA[ContactData [firstname=text-334955483, lastname=text1708374583]]]>
              </value>
            </param>
          </params>
          <reporter-output>
          </reporter-output>
        </test-method> <!-- testNonEmptyContactCreation -->
        <test-method status="PASS" signature="testNonEmptyContactCreation(com.example.tests.ContactData)[pri:0, instance:com.example.tests.ContactCreationTests@629f0666]" name="testNonEmptyContactCreation" duration-ms="6362" started-at="2015-02-11T15:37:40Z" data-provider="contactsFromFile" finished-at="2015-02-11T15:37:46Z">
          <params>
            <param index="0">
              <value>
                <![CDATA[ContactData [firstname=text-1265369444, lastname=text-809901176]]]>
              </value>
            </param>
          </params>
          <reporter-output>
          </reporter-output>
        </test-method> <!-- testNonEmptyContactCreation -->
        <test-method status="PASS" signature="tearDown()[pri:0, instance:com.example.tests.ContactCreationTests@629f0666]" name="tearDown" is-config="true" duration-ms="614" started-at="2015-02-11T15:37:46Z" finished-at="2015-02-11T15:37:47Z">
          <reporter-output>
          </reporter-output>
        </test-method> <!-- tearDown -->
      </class> <!-- com.example.tests.ContactCreationTests -->
    </test> <!-- Default test -->
  </suite> <!-- Default suite -->
</testng-results>
