<?xml version="1.0" encoding="UTF-8"?>
<testng-results skipped="0" failed="0" total="1" passed="1">
  <reporter-output>
  </reporter-output>
  <suite name="Default suite" duration-ms="34090" started-at="2015-01-08T12:01:17Z" finished-at="2015-01-08T12:01:51Z">
    <groups>
    </groups>
    <test name="Default test" duration-ms="34090" started-at="2015-01-08T12:01:17Z" finished-at="2015-01-08T12:01:51Z">
      <class name="com.example.tests.ContactRemovalTests">
        <test-method status="PASS" signature="setUp()[pri:0, instance:com.example.tests.ContactRemovalTests@2d6d8735]" name="setUp" is-config="true" duration-ms="16719" started-at="2015-01-08T14:01:17Z" finished-at="2015-01-08T14:01:34Z">
          <reporter-output>
          </reporter-output>
        </test-method> <!-- setUp -->
        <test-method status="PASS" signature="deleteSomeContact()[pri:0, instance:com.example.tests.ContactRemovalTests@2d6d8735]" name="deleteSomeContact" duration-ms="16765" started-at="2015-01-08T14:01:34Z" finished-at="2015-01-08T14:01:51Z">
          <reporter-output>
          </reporter-output>
        </test-method> <!-- deleteSomeContact -->
        <test-method status="PASS" signature="tearDown()[pri:0, instance:com.example.tests.ContactRemovalTests@2d6d8735]" name="tearDown" is-config="true" duration-ms="567" started-at="2015-01-08T14:01:51Z" finished-at="2015-01-08T14:01:51Z">
          <reporter-output>
          </reporter-output>
        </test-method> <!-- tearDown -->
      </class> <!-- com.example.tests.ContactRemovalTests -->
    </test> <!-- Default test -->
  </suite> <!-- Default suite -->
</testng-results>
