<?xml version="1.0" encoding="UTF-8"?>
<testng-results skipped="0" failed="0" total="4" passed="4">
  <reporter-output>
  </reporter-output>
  <suite name="Default suite" duration-ms="34937" started-at="2015-01-14T14:14:38Z" finished-at="2015-01-14T14:15:12Z">
    <groups>
    </groups>
    <test name="Default test" duration-ms="34937" started-at="2015-01-14T14:14:38Z" finished-at="2015-01-14T14:15:12Z">
      <class name="com.example.tests.GroupCreationTests">
        <test-method status="PASS" signature="setUp()[pri:0, instance:com.example.tests.GroupCreationTests@2280cdac]" name="setUp" is-config="true" duration-ms="17740" started-at="2015-01-14T16:14:38Z" finished-at="2015-01-14T16:14:55Z">
          <reporter-output>
          </reporter-output>
        </test-method> <!-- setUp -->
        <test-method status="PASS" signature="testGroupCreationWithValidData(com.example.tests.GroupData)[pri:0, instance:com.example.tests.GroupCreationTests@2280cdac]" name="testGroupCreationWithValidData" duration-ms="5252" started-at="2015-01-14T16:14:56Z" data-provider="groupsFromFile" finished-at="2015-01-14T16:15:01Z">
          <params>
            <param index="0">
              <value>
                <![CDATA[GroupData [name=, header=text1840180719, footer=text378088969]]]>
              </value>
            </param>
          </params>
          <reporter-output>
          </reporter-output>
        </test-method> <!-- testGroupCreationWithValidData -->
        <test-method status="PASS" signature="testGroupCreationWithValidData(com.example.tests.GroupData)[pri:0, instance:com.example.tests.GroupCreationTests@2280cdac]" name="testGroupCreationWithValidData" duration-ms="2969" started-at="2015-01-14T16:15:01Z" data-provider="groupsFromFile" finished-at="2015-01-14T16:15:04Z">
          <params>
            <param index="0">
              <value>
                <![CDATA[GroupData [name=, header=text-1354642748, footer=text1118215913]]]>
              </value>
            </param>
          </params>
          <reporter-output>
          </reporter-output>
        </test-method> <!-- testGroupCreationWithValidData -->
        <test-method status="PASS" signature="testGroupCreationWithValidData(com.example.tests.GroupData)[pri:0, instance:com.example.tests.GroupCreationTests@2280cdac]" name="testGroupCreationWithValidData" duration-ms="3313" started-at="2015-01-14T16:15:04Z" data-provider="groupsFromFile" finished-at="2015-01-14T16:15:07Z">
          <params>
            <param index="0">
              <value>
                <![CDATA[GroupData [name=, header=text-1775790967, footer=text1966769002]]]>
              </value>
            </param>
          </params>
          <reporter-output>
          </reporter-output>
        </test-method> <!-- testGroupCreationWithValidData -->
        <test-method status="PASS" signature="testGroupCreationWithValidData(com.example.tests.GroupData)[pri:0, instance:com.example.tests.GroupCreationTests@2280cdac]" name="testGroupCreationWithValidData" duration-ms="4975" started-at="2015-01-14T16:15:07Z" data-provider="groupsFromFile" finished-at="2015-01-14T16:15:12Z">
          <params>
            <param index="0">
              <value>
                <![CDATA[GroupData [name=, header=, footer=text-1295721026]]]>
              </value>
            </param>
          </params>
          <reporter-output>
          </reporter-output>
        </test-method> <!-- testGroupCreationWithValidData -->
        <test-method status="PASS" signature="tearDown()[pri:0, instance:com.example.tests.GroupCreationTests@2280cdac]" name="tearDown" is-config="true" duration-ms="386" started-at="2015-01-14T16:15:12Z" finished-at="2015-01-14T16:15:12Z">
          <reporter-output>
          </reporter-output>
        </test-method> <!-- tearDown -->
      </class> <!-- com.example.tests.GroupCreationTests -->
    </test> <!-- Default test -->
  </suite> <!-- Default suite -->
</testng-results>
