<?xml version="1.0" encoding="UTF-8"?>
<testng-results skipped="0" failed="0" total="1" passed="1">
  <reporter-output>
  </reporter-output>
  <suite name="Default suite" duration-ms="47249" started-at="2014-12-18T19:03:47Z" finished-at="2014-12-18T19:04:35Z">
    <groups>
    </groups>
    <test name="Default test" duration-ms="47249" started-at="2014-12-18T19:03:47Z" finished-at="2014-12-18T19:04:35Z">
      <class name="com.example.tests.GroupRemovalTests">
        <test-method status="PASS" signature="setUp()[pri:0, instance:com.example.tests.GroupRemovalTests@5a42bbf4]" name="setUp" is-config="true" duration-ms="43452" started-at="2014-12-18T21:03:47Z" finished-at="2014-12-18T21:04:31Z">
          <reporter-output>
          </reporter-output>
        </test-method> <!-- setUp -->
        <test-method status="PASS" signature="deleteSomeGroup()[pri:0, instance:com.example.tests.GroupRemovalTests@5a42bbf4]" name="deleteSomeGroup" duration-ms="3350" started-at="2014-12-18T21:04:31Z" finished-at="2014-12-18T21:04:34Z">
          <reporter-output>
          </reporter-output>
        </test-method> <!-- deleteSomeGroup -->
        <test-method status="PASS" signature="tearDown()[pri:0, instance:com.example.tests.GroupRemovalTests@5a42bbf4]" name="tearDown" is-config="true" duration-ms="412" started-at="2014-12-18T21:04:34Z" finished-at="2014-12-18T21:04:35Z">
          <reporter-output>
          </reporter-output>
        </test-method> <!-- tearDown -->
      </class> <!-- com.example.tests.GroupRemovalTests -->
    </test> <!-- Default test -->
  </suite> <!-- Default suite -->
</testng-results>
