<?xml version="1.0" encoding="UTF-8"?>
<testng-results skipped="0" failed="0" total="1" passed="1">
  <reporter-output>
  </reporter-output>
  <suite name="Default suite" duration-ms="23445" started-at="2015-01-01T16:48:21Z" finished-at="2015-01-01T16:48:44Z">
    <groups>
    </groups>
    <test name="Default test" duration-ms="23445" started-at="2015-01-01T16:48:21Z" finished-at="2015-01-01T16:48:44Z">
      <class name="com.example.tests.ContactRemovalTests">
        <test-method status="PASS" signature="setUp()[pri:0, instance:com.example.tests.ContactRemovalTests@2d6d8735]" name="setUp" is-config="true" duration-ms="17989" started-at="2015-01-01T18:48:21Z" finished-at="2015-01-01T18:48:39Z">
          <reporter-output>
          </reporter-output>
        </test-method> <!-- setUp -->
        <test-method status="PASS" signature="deleteSomeContact()[pri:0, instance:com.example.tests.ContactRemovalTests@2d6d8735]" name="deleteSomeContact" duration-ms="5035" started-at="2015-01-01T18:48:39Z" finished-at="2015-01-01T18:48:44Z">
          <reporter-output>
          </reporter-output>
        </test-method> <!-- deleteSomeContact -->
        <test-method status="PASS" signature="tearDown()[pri:0, instance:com.example.tests.ContactRemovalTests@2d6d8735]" name="tearDown" is-config="true" duration-ms="386" started-at="2015-01-01T18:48:44Z" finished-at="2015-01-01T18:48:44Z">
          <reporter-output>
          </reporter-output>
        </test-method> <!-- tearDown -->
      </class> <!-- com.example.tests.ContactRemovalTests -->
    </test> <!-- Default test -->
  </suite> <!-- Default suite -->
</testng-results>
