<?xml version="1.0" encoding="UTF-8"?>
<testng-results skipped="0" failed="0" total="1" passed="1">
  <reporter-output>
  </reporter-output>
  <suite name="Default suite" duration-ms="20963" started-at="2015-02-25T21:38:36Z" finished-at="2015-02-25T21:38:57Z">
    <groups>
    </groups>
    <test name="Default test" duration-ms="20963" started-at="2015-02-25T21:38:36Z" finished-at="2015-02-25T21:38:57Z">
      <class name="com.example.tests.PrintPhoneCompareTests">
        <test-method status="PASS" signature="setUp()[pri:0, instance:com.example.tests.PrintPhoneCompareTests@629f0666]" name="setUp" is-config="true" duration-ms="3517" started-at="2015-02-25T23:38:36Z" finished-at="2015-02-25T23:38:40Z">
          <reporter-output>
          </reporter-output>
        </test-method> <!-- setUp -->
        <test-method status="PASS" signature="comparePrintphonesWithDb()[pri:0, instance:com.example.tests.PrintPhoneCompareTests@629f0666]" name="comparePrintphonesWithDb" duration-ms="17152" started-at="2015-02-25T23:38:40Z" finished-at="2015-02-25T23:38:57Z">
          <reporter-output>
          </reporter-output>
        </test-method> <!-- comparePrintphonesWithDb -->
        <test-method status="PASS" signature="tearDown()[pri:0, instance:com.example.tests.PrintPhoneCompareTests@629f0666]" name="tearDown" is-config="true" duration-ms="271" started-at="2015-02-25T23:38:57Z" finished-at="2015-02-25T23:38:57Z">
          <reporter-output>
          </reporter-output>
        </test-method> <!-- tearDown -->
      </class> <!-- com.example.tests.PrintPhoneCompareTests -->
    </test> <!-- Default test -->
  </suite> <!-- Default suite -->
</testng-results>
