<?xml version="1.0" encoding="UTF-8"?>
<testng-results skipped="0" failed="0" total="4" passed="4">
  <reporter-output>
  </reporter-output>
  <suite name="Default suite" duration-ms="38564" started-at="2015-02-05T13:46:12Z" finished-at="2015-02-05T13:46:51Z">
    <groups>
    </groups>
    <test name="Default test" duration-ms="38564" started-at="2015-02-05T13:46:12Z" finished-at="2015-02-05T13:46:51Z">
      <class name="com.example.tests.GroupCreationTests">
        <test-method status="PASS" signature="setUp()[pri:0, instance:com.example.tests.GroupCreationTests@629f0666]" name="setUp" is-config="true" duration-ms="3705" started-at="2015-02-05T15:46:12Z" finished-at="2015-02-05T15:46:16Z">
          <reporter-output>
          </reporter-output>
        </test-method> <!-- setUp -->
        <test-method status="PASS" signature="testGroupCreationWithValidData(com.example.tests.GroupData)[pri:0, instance:com.example.tests.GroupCreationTests@629f0666]" name="testGroupCreationWithValidData" duration-ms="23573" started-at="2015-02-05T15:46:16Z" data-provider="groupsFromFile" finished-at="2015-02-05T15:46:40Z">
          <params>
            <param index="0">
              <value>
                <![CDATA[GroupData [name=group1, header=, footer=text1588355870]]]>
              </value>
            </param>
          </params>
          <reporter-output>
          </reporter-output>
        </test-method> <!-- testGroupCreationWithValidData -->
        <test-method status="PASS" signature="testGroupCreationWithValidData(com.example.tests.GroupData)[pri:0, instance:com.example.tests.GroupCreationTests@629f0666]" name="testGroupCreationWithValidData" duration-ms="3010" started-at="2015-02-05T15:46:40Z" data-provider="groupsFromFile" finished-at="2015-02-05T15:46:43Z">
          <params>
            <param index="0">
              <value>
                <![CDATA[GroupData [name=group2, header=text-2061861212, footer=text2004687061]]]>
              </value>
            </param>
          </params>
          <reporter-output>
          </reporter-output>
        </test-method> <!-- testGroupCreationWithValidData -->
        <test-method status="PASS" signature="testGroupCreationWithValidData(com.example.tests.GroupData)[pri:0, instance:com.example.tests.GroupCreationTests@629f0666]" name="testGroupCreationWithValidData" duration-ms="3264" started-at="2015-02-05T15:46:43Z" data-provider="groupsFromFile" finished-at="2015-02-05T15:46:46Z">
          <params>
            <param index="0">
              <value>
                <![CDATA[GroupData [name=group3, header=text-497020848, footer=]]]>
              </value>
            </param>
          </params>
          <reporter-output>
          </reporter-output>
        </test-method> <!-- testGroupCreationWithValidData -->
        <test-method status="PASS" signature="testGroupCreationWithValidData(com.example.tests.GroupData)[pri:0, instance:com.example.tests.GroupCreationTests@629f0666]" name="testGroupCreationWithValidData" duration-ms="3630" started-at="2015-02-05T15:46:46Z" data-provider="groupsFromFile" finished-at="2015-02-05T15:46:50Z">
          <params>
            <param index="0">
              <value>
                <![CDATA[GroupData [name=group4, header=text596345117, footer=]]]>
              </value>
            </param>
          </params>
          <reporter-output>
          </reporter-output>
        </test-method> <!-- testGroupCreationWithValidData -->
        <test-method status="PASS" signature="tearDown()[pri:0, instance:com.example.tests.GroupCreationTests@629f0666]" name="tearDown" is-config="true" duration-ms="955" started-at="2015-02-05T15:46:50Z" finished-at="2015-02-05T15:46:51Z">
          <reporter-output>
          </reporter-output>
        </test-method> <!-- tearDown -->
      </class> <!-- com.example.tests.GroupCreationTests -->
    </test> <!-- Default test -->
  </suite> <!-- Default suite -->
</testng-results>
