<?xml version="1.0" encoding="UTF-8"?>
<testng-results skipped="0" failed="0" total="4" passed="4">
  <reporter-output>
  </reporter-output>
  <suite name="Default suite" duration-ms="13512" started-at="2014-12-09T15:08:24Z" finished-at="2014-12-09T15:08:38Z">
    <groups>
    </groups>
    <test name="Default test" duration-ms="13512" started-at="2014-12-09T15:08:24Z" finished-at="2014-12-09T15:08:38Z">
      <class name="com.example.tests.ContactCreationTests">
        <test-method status="PASS" signature="testEmptyContactCreation()[pri:0, instance:com.example.tests.ContactCreationTests@73035e27]" name="testEmptyContactCreation" duration-ms="1517" started-at="2014-12-09T17:08:34Z" finished-at="2014-12-09T17:08:36Z">
          <reporter-output>
          </reporter-output>
        </test-method> <!-- testEmptyContactCreation -->
        <test-method status="PASS" signature="testNonEmptyContactCreation()[pri:0, instance:com.example.tests.ContactCreationTests@73035e27]" name="testNonEmptyContactCreation" duration-ms="1992" started-at="2014-12-09T17:08:36Z" finished-at="2014-12-09T17:08:38Z">
          <reporter-output>
          </reporter-output>
        </test-method> <!-- testNonEmptyContactCreation -->
      </class> <!-- com.example.tests.ContactCreationTests -->
      <class name="com.example.tests.GroupCreationTests">
        <test-method status="PASS" signature="setUp()[pri:0, instance:com.example.tests.GroupCreationTests@2d6a9952]" name="setUp" is-config="true" duration-ms="6759" started-at="2014-12-09T17:08:24Z" finished-at="2014-12-09T17:08:31Z">
          <reporter-output>
          </reporter-output>
        </test-method> <!-- setUp -->
        <test-method status="PASS" signature="testEmptyGroupCreation()[pri:0, instance:com.example.tests.GroupCreationTests@2d6a9952]" name="testEmptyGroupCreation" duration-ms="1319" started-at="2014-12-09T17:08:31Z" finished-at="2014-12-09T17:08:32Z">
          <reporter-output>
          </reporter-output>
        </test-method> <!-- testEmptyGroupCreation -->
        <test-method status="PASS" signature="testNonEmptyGroupCreation()[pri:0, instance:com.example.tests.GroupCreationTests@2d6a9952]" name="testNonEmptyGroupCreation" duration-ms="1732" started-at="2014-12-09T17:08:32Z" finished-at="2014-12-09T17:08:34Z">
          <reporter-output>
          </reporter-output>
        </test-method> <!-- testNonEmptyGroupCreation -->
        <test-method status="PASS" signature="tearDown()[pri:0, instance:com.example.tests.GroupCreationTests@2d6a9952]" name="tearDown" is-config="true" duration-ms="181" started-at="2014-12-09T17:08:38Z" finished-at="2014-12-09T17:08:38Z">
          <reporter-output>
          </reporter-output>
        </test-method> <!-- tearDown -->
      </class> <!-- com.example.tests.GroupCreationTests -->
    </test> <!-- Default test -->
  </suite> <!-- Default suite -->
</testng-results>
