<?xml version="1.0" encoding="UTF-8"?>
<!-- Generated by org.testng.reporters.JUnitXMLReporter -->
<testsuite hostname="Saviour-PK" name="CreateTest" tests="4" failures="0" timestamp="16 Jan 2015 13:37:29 GMT" time="38.344" errors="0">
  <testcase name="testGroupCreationWithValidData" time="9.065" classname="com.example.tests.GroupCreationTests"/>
  <testcase name="testGroupCreationWithValidData" time="2.915" classname="com.example.tests.GroupCreationTests"/>
  <testcase name="testGroupCreationWithValidData" time="2.864" classname="com.example.tests.GroupCreationTests"/>
  <testcase name="testGroupCreationWithValidData" time="4.041" classname="com.example.tests.GroupCreationTests"/>
</testsuite> <!-- CreateTest -->
