<?xml version="1.0" encoding="UTF-8"?>
<!-- Generated by org.testng.reporters.JUnitXMLReporter -->
<testsuite hostname="Saviour-PK" name="CreateGroup" tests="6" failures="4" timestamp="16 Jan 2015 16:09:45 GMT" time="20.551" errors="0">
  <testcase name="testGroupCreationWithValidData" time="0.024" classname="com.example.tests.GroupCreationTests">
    <failure type="java.lang.NullPointerException">
      <![CDATA[java.lang.NullPointerException
	at com.example.tests.GroupCreationTests.testGroupCreationWithValidData(GroupCreationTests.java:17)
... Removed 24 stack frames]]>
    </failure>
  </testcase> <!-- testGroupCreationWithValidData -->
  <testcase name="testGroupCreationWithValidData" time="0.002" classname="com.example.tests.GroupCreationTests">
    <failure type="java.lang.NullPointerException">
      <![CDATA[java.lang.NullPointerException
	at com.example.tests.GroupCreationTests.testGroupCreationWithValidData(GroupCreationTests.java:17)
... Removed 24 stack frames]]>
    </failure>
  </testcase> <!-- testGroupCreationWithValidData -->
  <testcase name="testGroupCreationWithValidData" time="0.001" classname="com.example.tests.GroupCreationTests">
    <failure type="java.lang.NullPointerException">
      <![CDATA[java.lang.NullPointerException
	at com.example.tests.GroupCreationTests.testGroupCreationWithValidData(GroupCreationTests.java:17)
... Removed 24 stack frames]]>
    </failure>
  </testcase> <!-- testGroupCreationWithValidData -->
  <testcase name="testGroupCreationWithValidData" time="0.001" classname="com.example.tests.GroupCreationTests">
    <failure type="java.lang.NullPointerException">
      <![CDATA[java.lang.NullPointerException
	at com.example.tests.GroupCreationTests.testGroupCreationWithValidData(GroupCreationTests.java:17)
... Removed 24 stack frames]]>
    </failure>
  </testcase> <!-- testGroupCreationWithValidData -->
  <testcase name="deleteSomeGroup" time="1.715" classname="com.example.tests.GroupRemovalTests"/>
  <testcase name="deleteAllGroups" time="1.313" classname="com.example.tests.GroupRemovalTests"/>
</testsuite> <!-- CreateGroup -->
