<?xml version="1.0" encoding="UTF-8"?>
<!-- Generated by org.testng.reporters.JUnitXMLReporter -->
<testsuite hostname="Saviour-PK" name="CreateContact" tests="4" failures="0" timestamp="16 Jan 2015 14:16:18 GMT" time="59.676" errors="0">
  <testcase name="testNonEmptyContactCreation" time="16.088" classname="com.example.tests.ContactCreationTests"/>
  <testcase name="testNonEmptyContactCreation" time="6.753" classname="com.example.tests.ContactCreationTests"/>
  <testcase name="testNonEmptyContactCreation" time="9.408" classname="com.example.tests.ContactCreationTests"/>
  <testcase name="testNonEmptyContactCreation" time="10.719" classname="com.example.tests.ContactCreationTests"/>
</testsuite> <!-- CreateContact -->
