<?xml version="1.0" encoding="UTF-8"?>
<!-- Generated by org.testng.reporters.JUnitXMLReporter -->
<testsuite hostname="Saviour-PK" name="Default test" tests="3" failures="0" timestamp="11 Feb 2015 13:37:47 GMT" time="47.282" errors="0">
  <testcase name="testNonEmptyContactCreation" time="28.875" classname="com.example.tests.ContactCreationTests"/>
  <testcase name="testNonEmptyContactCreation" time="6.263" classname="com.example.tests.ContactCreationTests"/>
  <testcase name="testNonEmptyContactCreation" time="6.362" classname="com.example.tests.ContactCreationTests"/>
</testsuite> <!-- Default test -->
