<?xml version="1.0" encoding="UTF-8"?>
<!-- Generated by org.testng.reporters.JUnitXMLReporter -->
<testsuite hostname="Saviour-PK" name="Default test" tests="4" failures="0" timestamp="16 Jan 2015 16:16:53 GMT" time="31.914" errors="0">
  <testcase name="testGroupCreationWithValidData" time="3.733" classname="com.example.tests.GroupCreationTests"/>
  <testcase name="testGroupCreationWithValidData" time="3.095" classname="com.example.tests.GroupCreationTests"/>
  <testcase name="testGroupCreationWithValidData" time="3.086" classname="com.example.tests.GroupCreationTests"/>
  <testcase name="testGroupCreationWithValidData" time="2.707" classname="com.example.tests.GroupCreationTests"/>
</testsuite> <!-- Default test -->
