<?xml version="1.0" encoding="UTF-8"?>
<!-- Generated by org.testng.reporters.JUnitXMLReporter -->
<testsuite hostname="Saviour-PK" name="Groups" tests="6" failures="0" timestamp="16 Jan 2015 16:38:16 GMT" time="37.879" errors="0">
  <testcase name="testGroupCreationWithValidData" time="5.031" classname="com.example.tests.GroupCreationTests"/>
  <testcase name="testGroupCreationWithValidData" time="3.006" classname="com.example.tests.GroupCreationTests"/>
  <testcase name="testGroupCreationWithValidData" time="2.935" classname="com.example.tests.GroupCreationTests"/>
  <testcase name="testGroupCreationWithValidData" time="3.014" classname="com.example.tests.GroupCreationTests"/>
  <testcase name="deleteSomeGroup" time="1.934" classname="com.example.tests.GroupRemovalTests"/>
  <testcase name="deleteAllGroups" time="2.216" classname="com.example.tests.GroupRemovalTests"/>
</testsuite> <!-- Groups -->
