<html>
<head>
<title>TestNG:  KuchaMala</title>
<link href="../testng.css" rel="stylesheet" type="text/css" />
<link href="../my-testng.css" rel="stylesheet" type="text/css" />

<style type="text/css">
.log { display: none;} 
.stack-trace { display: none;} 
</style>
<script type="text/javascript">
<!--
function flip(e) {
  current = e.style.display;
  if (current == 'block') {
    e.style.display = 'none';
    return 0;
  }
  else {
    e.style.display = 'block';
    return 1;
  }
}

function toggleBox(szDivId, elem, msg1, msg2)
{
  var res = -1;  if (document.getElementById) {
    res = flip(document.getElementById(szDivId));
  }
  else if (document.all) {
    // this is the way old msie versions work
    res = flip(document.all[szDivId]);
  }
  if(elem) {
    if(res == 0) elem.innerHTML = msg1; else elem.innerHTML = msg2;
  }

}

function toggleAllBoxes() {
  if (document.getElementsByTagName) {
    d = document.getElementsByTagName('div');
    for (i = 0; i < d.length; i++) {
      if (d[i].className == 'log') {
        flip(d[i]);
      }
    }
  }
}

// -->
</script>

</head>
<body>
<h2 align='center'>KuchaMala</h2><table border='1' align="center">
<tr>
<td>Tests passed/Failed/Skipped:</td><td>18/3/0</td>
</tr><tr>
<td>Started on:</td><td>Fri Jan 16 19:16:09 EET 2015</td>
</tr>
<tr><td>Total time:</td><td>755 seconds (755236 ms)</td>
</tr><tr>
<td>Included groups:</td><td></td>
</tr><tr>
<td>Excluded groups:</td><td></td>
</tr>
</table><p/>
<small><i>(Hover the method name to see the test class name)</i></small><p/>
<table width='100%' border='1' class='invocation-failed'>
<tr><td colspan='4' align='center'><b>FAILED TESTS</b></td></tr>
<tr><td><b>Test method</b></td>
<td width="30%"><b>Exception</b></td>
<td width="10%"><b>Time (seconds)</b></td>
<td><b>Instance</b></td>
</tr>
<tr>
<td title='com.example.tests.ContactRemovalTests.deleteSomeContact()'><b>deleteSomeContact</b><br>Test class: com.example.tests.ContactRemovalTests</td>
<td><div><pre>org.openqa.selenium.NoSuchElementException: Unable to find element with xpath == //form[2]/input[2] (WARNING: The server did not provide any stacktrace information)
Command duration or timeout: 404 milliseconds
For documentation on this error, please visit: http://seleniumhq.org/exceptions/no_such_element.html
Build info: version: &apos;2.44.0&apos;, revision: &apos;76d78cf&apos;, time: &apos;2014-10-23 20:02:37&apos;
System info: host: &apos;Saviour-PK&apos;, ip: &apos;192.168.1.3&apos;, os.name: &apos;Windows 7&apos;, os.arch: &apos;amd64&apos;, os.version: &apos;6.1&apos;, java.version: &apos;1.8.0_25&apos;
Driver info: org.openqa.selenium.ie.InternetExplorerDriver
Capabilities [{browserAttachTimeout=0, enablePersistentHover=true, ie.forceCreateProcessApi=false, ie.usePerProcessProxy=false, ignoreZoomSetting=false, handlesAlerts=true, version=8, platform=WINDOWS, nativeEvents=true, ie.ensureCleanSession=false, elementScrollBehavior=0, ie.browserCommandLineSwitches=, requireWindowFocus=false, browserName=internet explorer, initialBrowserUrl=http://localhost:43507/, takesScreenshot=true, javascriptEnabled=true, ignoreProtectedModeSettings=false, enableElementCacheCleanup=true, cssSelectorsEnabled=true, unexpectedAlertBehaviour=dismiss}]
Session ID: 4b68adbb-4862-43e1-a154-89d81bf82827
	at org.openqa.selenium.remote.ErrorHandler.createThrowable(ErrorHandler.java:204)
	at org.openqa.selenium.remote.ErrorHandler.throwIfResponseFailed(ErrorHandler.java:156)
	at org.openqa.selenium.remote.RemoteWebDriver.execute(RemoteWebDriver.java:599)
	at org.openqa.selenium.remote.RemoteWebDriver.findElement(RemoteWebDriver.java:352)
	at org.openqa.selenium.remote.RemoteWebDriver.findElementByXPath(RemoteWebDriver.java:449)
	at org.openqa.selenium.By$ByXPath.findElement(By.java:357)
	at org.openqa.selenium.remote.RemoteWebDriver.findElement(RemoteWebDriver.java:344)
	at com.example.fw.HelperBase.click(HelperBase.java:61)
	at com.example.fw.ContactHelper.submitContactRemoval(ContactHelper.java:121)
	at com.example.fw.ContactHelper.removeContact(ContactHelper.java:69)
	at com.example.tests.ContactRemovalTests.deleteSomeContact(ContactRemovalTests.java:19)
... Removed 27 stack frames</pre></div><a href='#' onClick='toggleBox("stack-trace1125098735", this, "Click to show all stack frames", "Click to hide stack frames")'>Click to show all stack frames</a>
<div class='stack-trace' id='stack-trace1125098735'><pre>org.openqa.selenium.NoSuchElementException: Unable to find element with xpath == //form[2]/input[2] (WARNING: The server did not provide any stacktrace information)
Command duration or timeout: 404 milliseconds
For documentation on this error, please visit: http://seleniumhq.org/exceptions/no_such_element.html
Build info: version: &apos;2.44.0&apos;, revision: &apos;76d78cf&apos;, time: &apos;2014-10-23 20:02:37&apos;
System info: host: &apos;Saviour-PK&apos;, ip: &apos;192.168.1.3&apos;, os.name: &apos;Windows 7&apos;, os.arch: &apos;amd64&apos;, os.version: &apos;6.1&apos;, java.version: &apos;1.8.0_25&apos;
Driver info: org.openqa.selenium.ie.InternetExplorerDriver
Capabilities [{browserAttachTimeout=0, enablePersistentHover=true, ie.forceCreateProcessApi=false, ie.usePerProcessProxy=false, ignoreZoomSetting=false, handlesAlerts=true, version=8, platform=WINDOWS, nativeEvents=true, ie.ensureCleanSession=false, elementScrollBehavior=0, ie.browserCommandLineSwitches=, requireWindowFocus=false, browserName=internet explorer, initialBrowserUrl=http://localhost:43507/, takesScreenshot=true, javascriptEnabled=true, ignoreProtectedModeSettings=false, enableElementCacheCleanup=true, cssSelectorsEnabled=true, unexpectedAlertBehaviour=dismiss}]
Session ID: 4b68adbb-4862-43e1-a154-89d81bf82827
	at sun.reflect.NativeConstructorAccessorImpl.newInstance0(Native Method)
	at sun.reflect.NativeConstructorAccessorImpl.newInstance(Unknown Source)
	at sun.reflect.DelegatingConstructorAccessorImpl.newInstance(Unknown Source)
	at java.lang.reflect.Constructor.newInstance(Unknown Source)
	at org.openqa.selenium.remote.ErrorHandler.createThrowable(ErrorHandler.java:204)
	at org.openqa.selenium.remote.ErrorHandler.throwIfResponseFailed(ErrorHandler.java:156)
	at org.openqa.selenium.remote.RemoteWebDriver.execute(RemoteWebDriver.java:599)
	at org.openqa.selenium.remote.RemoteWebDriver.findElement(RemoteWebDriver.java:352)
	at org.openqa.selenium.remote.RemoteWebDriver.findElementByXPath(RemoteWebDriver.java:449)
	at org.openqa.selenium.By$ByXPath.findElement(By.java:357)
	at org.openqa.selenium.remote.RemoteWebDriver.findElement(RemoteWebDriver.java:344)
	at com.example.fw.HelperBase.click(HelperBase.java:61)
	at com.example.fw.ContactHelper.submitContactRemoval(ContactHelper.java:121)
	at com.example.fw.ContactHelper.removeContact(ContactHelper.java:69)
	at com.example.tests.ContactRemovalTests.deleteSomeContact(ContactRemovalTests.java:19)
	at sun.reflect.NativeMethodAccessorImpl.invoke0(Native Method)
	at sun.reflect.NativeMethodAccessorImpl.invoke(Unknown Source)
	at sun.reflect.DelegatingMethodAccessorImpl.invoke(Unknown Source)
	at java.lang.reflect.Method.invoke(Unknown Source)
	at org.testng.internal.MethodInvocationHelper.invokeMethod(MethodInvocationHelper.java:84)
	at org.testng.internal.Invoker.invokeMethod(Invoker.java:714)
	at org.testng.internal.Invoker.invokeTestMethod(Invoker.java:901)
	at org.testng.internal.Invoker.invokeTestMethods(Invoker.java:1231)
	at org.testng.internal.TestMethodWorker.invokeTestMethods(TestMethodWorker.java:127)
	at org.testng.internal.TestMethodWorker.run(TestMethodWorker.java:111)
	at org.testng.TestRunner.privateRun(TestRunner.java:767)
	at org.testng.TestRunner.run(TestRunner.java:617)
	at org.testng.SuiteRunner.runTest(SuiteRunner.java:334)
	at org.testng.SuiteRunner.runSequentially(SuiteRunner.java:329)
	at org.testng.SuiteRunner.privateRun(SuiteRunner.java:291)
	at org.testng.SuiteRunner.run(SuiteRunner.java:240)
	at org.testng.SuiteRunnerWorker.runSuite(SuiteRunnerWorker.java:52)
	at org.testng.SuiteRunnerWorker.run(SuiteRunnerWorker.java:86)
	at org.testng.TestNG.runSuitesSequentially(TestNG.java:1224)
	at org.testng.TestNG.runSuitesLocally(TestNG.java:1149)
	at org.testng.TestNG.run(TestNG.java:1057)
	at org.testng.TestNG.privateMain(TestNG.java:1364)
	at org.testng.TestNG.main(TestNG.java:1333)
</pre></div></td>
<td>1</td>
<td>com.example.tests.ContactRemovalTests@6aceb1a5</td></tr>
<tr>
<td title='com.example.tests.ContactModificationTests.modifySomeContact()'><b>modifySomeContact</b><br>Test class: com.example.tests.ContactModificationTests<br>Parameters: ContactData [firstname=text1422658202, lastname=text231004547]</td>
<td><div><pre>org.openqa.selenium.NoSuchElementException: Unable to find element with name == firstname (WARNING: The server did not provide any stacktrace information)
Command duration or timeout: 371 milliseconds
For documentation on this error, please visit: http://seleniumhq.org/exceptions/no_such_element.html
Build info: version: &apos;2.44.0&apos;, revision: &apos;76d78cf&apos;, time: &apos;2014-10-23 20:02:37&apos;
System info: host: &apos;Saviour-PK&apos;, ip: &apos;192.168.1.3&apos;, os.name: &apos;Windows 7&apos;, os.arch: &apos;amd64&apos;, os.version: &apos;6.1&apos;, java.version: &apos;1.8.0_25&apos;
Driver info: org.openqa.selenium.ie.InternetExplorerDriver
Capabilities [{browserAttachTimeout=0, enablePersistentHover=true, ie.forceCreateProcessApi=false, ie.usePerProcessProxy=false, ignoreZoomSetting=false, handlesAlerts=true, version=8, platform=WINDOWS, nativeEvents=true, ie.ensureCleanSession=false, elementScrollBehavior=0, ie.browserCommandLineSwitches=, requireWindowFocus=false, browserName=internet explorer, initialBrowserUrl=http://localhost:43507/, takesScreenshot=true, javascriptEnabled=true, ignoreProtectedModeSettings=false, enableElementCacheCleanup=true, cssSelectorsEnabled=true, unexpectedAlertBehaviour=dismiss}]
Session ID: 4b68adbb-4862-43e1-a154-89d81bf82827
	at org.openqa.selenium.remote.ErrorHandler.createThrowable(ErrorHandler.java:204)
	at org.openqa.selenium.remote.ErrorHandler.throwIfResponseFailed(ErrorHandler.java:156)
	at org.openqa.selenium.remote.RemoteWebDriver.execute(RemoteWebDriver.java:599)
	at org.openqa.selenium.remote.RemoteWebDriver.findElement(RemoteWebDriver.java:352)
	at org.openqa.selenium.remote.RemoteWebDriver.findElementByName(RemoteWebDriver.java:425)
	at org.openqa.selenium.By$ByName.findElement(By.java:299)
	at org.openqa.selenium.remote.RemoteWebDriver.findElement(RemoteWebDriver.java:344)
	at com.example.fw.HelperBase.type(HelperBase.java:56)
	at com.example.fw.ContactHelper.fillContactForm(ContactHelper.java:81)
	at com.example.fw.ContactHelper.modifyContact(ContactHelper.java:60)
	at com.example.tests.ContactModificationTests.modifySomeContact(ContactModificationTests.java:19)
... Removed 27 stack frames</pre></div><a href='#' onClick='toggleBox("stack-trace1296109622", this, "Click to show all stack frames", "Click to hide stack frames")'>Click to show all stack frames</a>
<div class='stack-trace' id='stack-trace1296109622'><pre>org.openqa.selenium.NoSuchElementException: Unable to find element with name == firstname (WARNING: The server did not provide any stacktrace information)
Command duration or timeout: 371 milliseconds
For documentation on this error, please visit: http://seleniumhq.org/exceptions/no_such_element.html
Build info: version: &apos;2.44.0&apos;, revision: &apos;76d78cf&apos;, time: &apos;2014-10-23 20:02:37&apos;
System info: host: &apos;Saviour-PK&apos;, ip: &apos;192.168.1.3&apos;, os.name: &apos;Windows 7&apos;, os.arch: &apos;amd64&apos;, os.version: &apos;6.1&apos;, java.version: &apos;1.8.0_25&apos;
Driver info: org.openqa.selenium.ie.InternetExplorerDriver
Capabilities [{browserAttachTimeout=0, enablePersistentHover=true, ie.forceCreateProcessApi=false, ie.usePerProcessProxy=false, ignoreZoomSetting=false, handlesAlerts=true, version=8, platform=WINDOWS, nativeEvents=true, ie.ensureCleanSession=false, elementScrollBehavior=0, ie.browserCommandLineSwitches=, requireWindowFocus=false, browserName=internet explorer, initialBrowserUrl=http://localhost:43507/, takesScreenshot=true, javascriptEnabled=true, ignoreProtectedModeSettings=false, enableElementCacheCleanup=true, cssSelectorsEnabled=true, unexpectedAlertBehaviour=dismiss}]
Session ID: 4b68adbb-4862-43e1-a154-89d81bf82827
	at sun.reflect.NativeConstructorAccessorImpl.newInstance0(Native Method)
	at sun.reflect.NativeConstructorAccessorImpl.newInstance(Unknown Source)
	at sun.reflect.DelegatingConstructorAccessorImpl.newInstance(Unknown Source)
	at java.lang.reflect.Constructor.newInstance(Unknown Source)
	at org.openqa.selenium.remote.ErrorHandler.createThrowable(ErrorHandler.java:204)
	at org.openqa.selenium.remote.ErrorHandler.throwIfResponseFailed(ErrorHandler.java:156)
	at org.openqa.selenium.remote.RemoteWebDriver.execute(RemoteWebDriver.java:599)
	at org.openqa.selenium.remote.RemoteWebDriver.findElement(RemoteWebDriver.java:352)
	at org.openqa.selenium.remote.RemoteWebDriver.findElementByName(RemoteWebDriver.java:425)
	at org.openqa.selenium.By$ByName.findElement(By.java:299)
	at org.openqa.selenium.remote.RemoteWebDriver.findElement(RemoteWebDriver.java:344)
	at com.example.fw.HelperBase.type(HelperBase.java:56)
	at com.example.fw.ContactHelper.fillContactForm(ContactHelper.java:81)
	at com.example.fw.ContactHelper.modifyContact(ContactHelper.java:60)
	at com.example.tests.ContactModificationTests.modifySomeContact(ContactModificationTests.java:19)
	at sun.reflect.NativeMethodAccessorImpl.invoke0(Native Method)
	at sun.reflect.NativeMethodAccessorImpl.invoke(Unknown Source)
	at sun.reflect.DelegatingMethodAccessorImpl.invoke(Unknown Source)
	at java.lang.reflect.Method.invoke(Unknown Source)
	at org.testng.internal.MethodInvocationHelper.invokeMethod(MethodInvocationHelper.java:84)
	at org.testng.internal.Invoker.invokeMethod(Invoker.java:714)
	at org.testng.internal.Invoker.invokeTestMethod(Invoker.java:901)
	at org.testng.internal.Invoker.invokeTestMethods(Invoker.java:1231)
	at org.testng.internal.TestMethodWorker.invokeTestMethods(TestMethodWorker.java:127)
	at org.testng.internal.TestMethodWorker.run(TestMethodWorker.java:111)
	at org.testng.TestRunner.privateRun(TestRunner.java:767)
	at org.testng.TestRunner.run(TestRunner.java:617)
	at org.testng.SuiteRunner.runTest(SuiteRunner.java:334)
	at org.testng.SuiteRunner.runSequentially(SuiteRunner.java:329)
	at org.testng.SuiteRunner.privateRun(SuiteRunner.java:291)
	at org.testng.SuiteRunner.run(SuiteRunner.java:240)
	at org.testng.SuiteRunnerWorker.runSuite(SuiteRunnerWorker.java:52)
	at org.testng.SuiteRunnerWorker.run(SuiteRunnerWorker.java:86)
	at org.testng.TestNG.runSuitesSequentially(TestNG.java:1224)
	at org.testng.TestNG.runSuitesLocally(TestNG.java:1149)
	at org.testng.TestNG.run(TestNG.java:1057)
	at org.testng.TestNG.privateMain(TestNG.java:1364)
	at org.testng.TestNG.main(TestNG.java:1333)
</pre></div></td>
<td>1</td>
<td>com.example.tests.ContactModificationTests@18ef96</td></tr>
<tr>
<td title='com.example.tests.GroupCreationTests.testGroupCreationWithValidData()'><b>testGroupCreationWithValidData</b><br>Test class: com.example.tests.GroupCreationTests<br>Parameters: GroupData [name=group1, header=, footer=text1588355870]</td>
<td><div><pre>org.openqa.selenium.UnhandledAlertException: Modal dialog present: Хотите включить автозаполнение?
Build info: version: &apos;2.44.0&apos;, revision: &apos;76d78cf&apos;, time: &apos;2014-10-23 20:02:37&apos;
System info: host: &apos;Saviour-PK&apos;, ip: &apos;192.168.1.3&apos;, os.name: &apos;Windows 7&apos;, os.arch: &apos;amd64&apos;, os.version: &apos;6.1&apos;, java.version: &apos;1.8.0_25&apos;
Driver info: org.openqa.selenium.ie.InternetExplorerDriver
Capabilities [{browserAttachTimeout=0, enablePersistentHover=true, ie.forceCreateProcessApi=false, ie.usePerProcessProxy=false, ignoreZoomSetting=false, handlesAlerts=true, version=8, platform=WINDOWS, nativeEvents=true, ie.ensureCleanSession=false, elementScrollBehavior=0, ie.browserCommandLineSwitches=, requireWindowFocus=false, browserName=internet explorer, initialBrowserUrl=http://localhost:43507/, takesScreenshot=true, javascriptEnabled=true, ignoreProtectedModeSettings=false, enableElementCacheCleanup=true, cssSelectorsEnabled=true, unexpectedAlertBehaviour=dismiss}]
Session ID: 4b68adbb-4862-43e1-a154-89d81bf82827
	at org.openqa.selenium.remote.ErrorHandler.createThrowable(ErrorHandler.java:204)
	at org.openqa.selenium.remote.ErrorHandler.createUnhandledAlertException(ErrorHandler.java:185)
	at org.openqa.selenium.remote.ErrorHandler.throwIfResponseFailed(ErrorHandler.java:152)
	at org.openqa.selenium.remote.RemoteWebDriver.execute(RemoteWebDriver.java:599)
	at org.openqa.selenium.remote.RemoteWebDriver.findElement(RemoteWebDriver.java:352)
	at org.openqa.selenium.remote.RemoteWebDriver.findElementByLinkText(RemoteWebDriver.java:401)
	at org.openqa.selenium.By$ByLinkText.findElement(By.java:242)
	at org.openqa.selenium.remote.RemoteWebDriver.findElement(RemoteWebDriver.java:344)
	at com.example.fw.HelperBase.click(HelperBase.java:61)
	at com.example.fw.NavigationHelper.returnToGroupsPage(NavigationHelper.java:42)
	at com.example.fw.GroupHelper.createGroup(GroupHelper.java:43)
	at com.example.tests.GroupCreationTests.testGroupCreationWithValidData(GroupCreationTests.java:20)
... Removed 27 stack frames</pre></div><a href='#' onClick='toggleBox("stack-trace1863374262", this, "Click to show all stack frames", "Click to hide stack frames")'>Click to show all stack frames</a>
<div class='stack-trace' id='stack-trace1863374262'><pre>org.openqa.selenium.UnhandledAlertException: Modal dialog present: Хотите включить автозаполнение?
Build info: version: &apos;2.44.0&apos;, revision: &apos;76d78cf&apos;, time: &apos;2014-10-23 20:02:37&apos;
System info: host: &apos;Saviour-PK&apos;, ip: &apos;192.168.1.3&apos;, os.name: &apos;Windows 7&apos;, os.arch: &apos;amd64&apos;, os.version: &apos;6.1&apos;, java.version: &apos;1.8.0_25&apos;
Driver info: org.openqa.selenium.ie.InternetExplorerDriver
Capabilities [{browserAttachTimeout=0, enablePersistentHover=true, ie.forceCreateProcessApi=false, ie.usePerProcessProxy=false, ignoreZoomSetting=false, handlesAlerts=true, version=8, platform=WINDOWS, nativeEvents=true, ie.ensureCleanSession=false, elementScrollBehavior=0, ie.browserCommandLineSwitches=, requireWindowFocus=false, browserName=internet explorer, initialBrowserUrl=http://localhost:43507/, takesScreenshot=true, javascriptEnabled=true, ignoreProtectedModeSettings=false, enableElementCacheCleanup=true, cssSelectorsEnabled=true, unexpectedAlertBehaviour=dismiss}]
Session ID: 4b68adbb-4862-43e1-a154-89d81bf82827
	at sun.reflect.NativeConstructorAccessorImpl.newInstance0(Native Method)
	at sun.reflect.NativeConstructorAccessorImpl.newInstance(Unknown Source)
	at sun.reflect.DelegatingConstructorAccessorImpl.newInstance(Unknown Source)
	at java.lang.reflect.Constructor.newInstance(Unknown Source)
	at org.openqa.selenium.remote.ErrorHandler.createThrowable(ErrorHandler.java:204)
	at org.openqa.selenium.remote.ErrorHandler.createUnhandledAlertException(ErrorHandler.java:185)
	at org.openqa.selenium.remote.ErrorHandler.throwIfResponseFailed(ErrorHandler.java:152)
	at org.openqa.selenium.remote.RemoteWebDriver.execute(RemoteWebDriver.java:599)
	at org.openqa.selenium.remote.RemoteWebDriver.findElement(RemoteWebDriver.java:352)
	at org.openqa.selenium.remote.RemoteWebDriver.findElementByLinkText(RemoteWebDriver.java:401)
	at org.openqa.selenium.By$ByLinkText.findElement(By.java:242)
	at org.openqa.selenium.remote.RemoteWebDriver.findElement(RemoteWebDriver.java:344)
	at com.example.fw.HelperBase.click(HelperBase.java:61)
	at com.example.fw.NavigationHelper.returnToGroupsPage(NavigationHelper.java:42)
	at com.example.fw.GroupHelper.createGroup(GroupHelper.java:43)
	at com.example.tests.GroupCreationTests.testGroupCreationWithValidData(GroupCreationTests.java:20)
	at sun.reflect.NativeMethodAccessorImpl.invoke0(Native Method)
	at sun.reflect.NativeMethodAccessorImpl.invoke(Unknown Source)
	at sun.reflect.DelegatingMethodAccessorImpl.invoke(Unknown Source)
	at java.lang.reflect.Method.invoke(Unknown Source)
	at org.testng.internal.MethodInvocationHelper.invokeMethod(MethodInvocationHelper.java:84)
	at org.testng.internal.Invoker.invokeMethod(Invoker.java:714)
	at org.testng.internal.Invoker.invokeTestMethod(Invoker.java:901)
	at org.testng.internal.Invoker.invokeTestMethods(Invoker.java:1231)
	at org.testng.internal.TestMethodWorker.invokeTestMethods(TestMethodWorker.java:127)
	at org.testng.internal.TestMethodWorker.run(TestMethodWorker.java:111)
	at org.testng.TestRunner.privateRun(TestRunner.java:767)
	at org.testng.TestRunner.run(TestRunner.java:617)
	at org.testng.SuiteRunner.runTest(SuiteRunner.java:334)
	at org.testng.SuiteRunner.runSequentially(SuiteRunner.java:329)
	at org.testng.SuiteRunner.privateRun(SuiteRunner.java:291)
	at org.testng.SuiteRunner.run(SuiteRunner.java:240)
	at org.testng.SuiteRunnerWorker.runSuite(SuiteRunnerWorker.java:52)
	at org.testng.SuiteRunnerWorker.run(SuiteRunnerWorker.java:86)
	at org.testng.TestNG.runSuitesSequentially(TestNG.java:1224)
	at org.testng.TestNG.runSuitesLocally(TestNG.java:1149)
	at org.testng.TestNG.run(TestNG.java:1057)
	at org.testng.TestNG.privateMain(TestNG.java:1364)
	at org.testng.TestNG.main(TestNG.java:1333)
</pre></div></td>
<td>10</td>
<td>com.example.tests.GroupCreationTests@7d4793a8</td></tr>
</table><p>
<table width='100%' border='1' class='invocation-passed'>
<tr><td colspan='4' align='center'><b>PASSED TESTS</b></td></tr>
<tr><td><b>Test method</b></td>
<td width="30%"><b>Exception</b></td>
<td width="10%"><b>Time (seconds)</b></td>
<td><b>Instance</b></td>
</tr>
<tr>
<td title='com.example.tests.GroupRemovalTests.deleteAllGroups()'><b>deleteAllGroups</b><br>Test class: com.example.tests.GroupRemovalTests</td>
<td></td>
<td>3</td>
<td>com.example.tests.GroupRemovalTests@6956de9</td></tr>
<tr>
<td title='com.example.tests.GroupRemovalTests.deleteNotAllGroups()'><b>deleteNotAllGroups</b><br>Test class: com.example.tests.GroupRemovalTests</td>
<td></td>
<td>2</td>
<td>com.example.tests.GroupRemovalTests@6956de9</td></tr>
<tr>
<td title='com.example.tests.GroupRemovalTests.deleteSomeGroup()'><b>deleteSomeGroup</b><br>Test class: com.example.tests.GroupRemovalTests</td>
<td></td>
<td>2</td>
<td>com.example.tests.GroupRemovalTests@6956de9</td></tr>
<tr>
<td title='com.example.tests.ContactModificationTests.modifySomeContact()'><b>modifySomeContact</b><br>Test class: com.example.tests.ContactModificationTests<br>Parameters: ContactData [firstname=, lastname=text152520791]</td>
<td></td>
<td>69</td>
<td>com.example.tests.ContactModificationTests@18ef96</td></tr>
<tr>
<td title='com.example.tests.ContactModificationTests.modifySomeContact()'><b>modifySomeContact</b><br>Test class: com.example.tests.ContactModificationTests<br>Parameters: ContactData [firstname=text896517238, lastname=text1477711456]</td>
<td></td>
<td>76</td>
<td>com.example.tests.ContactModificationTests@18ef96</td></tr>
<tr>
<td title='com.example.tests.ContactModificationTests.modifySomeContact()'><b>modifySomeContact</b><br>Test class: com.example.tests.ContactModificationTests<br>Parameters: ContactData [firstname=text-1296348890, lastname=text-1608755283]</td>
<td></td>
<td>80</td>
<td>com.example.tests.ContactModificationTests@18ef96</td></tr>
<tr>
<td title='com.example.tests.ContactModificationTests.modifySomeContact()'><b>modifySomeContact</b><br>Test class: com.example.tests.ContactModificationTests<br>Parameters: ContactData [firstname=text-1750436283, lastname=text2051537912]</td>
<td></td>
<td>65</td>
<td>com.example.tests.ContactModificationTests@18ef96</td></tr>
<tr>
<td title='com.example.tests.GroupModificationTests.modifySomeGroup()'><b>modifySomeGroup</b><br>Test class: com.example.tests.GroupModificationTests<br>Parameters: GroupData [name=group1, header=, footer=text1588355870]</td>
<td></td>
<td>6</td>
<td>com.example.tests.GroupModificationTests@769c9116</td></tr>
<tr>
<td title='com.example.tests.GroupModificationTests.modifySomeGroup()'><b>modifySomeGroup</b><br>Test class: com.example.tests.GroupModificationTests<br>Parameters: GroupData [name=group2, header=text-2061861212, footer=text2004687061]</td>
<td></td>
<td>8</td>
<td>com.example.tests.GroupModificationTests@769c9116</td></tr>
<tr>
<td title='com.example.tests.GroupModificationTests.modifySomeGroup()'><b>modifySomeGroup</b><br>Test class: com.example.tests.GroupModificationTests<br>Parameters: GroupData [name=group3, header=text-497020848, footer=]</td>
<td></td>
<td>8</td>
<td>com.example.tests.GroupModificationTests@769c9116</td></tr>
<tr>
<td title='com.example.tests.GroupModificationTests.modifySomeGroup()'><b>modifySomeGroup</b><br>Test class: com.example.tests.GroupModificationTests<br>Parameters: GroupData [name=group4, header=text596345117, footer=]</td>
<td></td>
<td>7</td>
<td>com.example.tests.GroupModificationTests@769c9116</td></tr>
<tr>
<td title='com.example.tests.GroupCreationTests.testGroupCreationWithValidData()'><b>testGroupCreationWithValidData</b><br>Test class: com.example.tests.GroupCreationTests<br>Parameters: GroupData [name=group2, header=text-2061861212, footer=text2004687061]</td>
<td></td>
<td>8</td>
<td>com.example.tests.GroupCreationTests@7d4793a8</td></tr>
<tr>
<td title='com.example.tests.GroupCreationTests.testGroupCreationWithValidData()'><b>testGroupCreationWithValidData</b><br>Test class: com.example.tests.GroupCreationTests<br>Parameters: GroupData [name=group3, header=text-497020848, footer=]</td>
<td></td>
<td>7</td>
<td>com.example.tests.GroupCreationTests@7d4793a8</td></tr>
<tr>
<td title='com.example.tests.GroupCreationTests.testGroupCreationWithValidData()'><b>testGroupCreationWithValidData</b><br>Test class: com.example.tests.GroupCreationTests<br>Parameters: GroupData [name=group4, header=text596345117, footer=]</td>
<td></td>
<td>7</td>
<td>com.example.tests.GroupCreationTests@7d4793a8</td></tr>
<tr>
<td title='com.example.tests.ContactCreationTests.testNonEmptyContactCreation()'><b>testNonEmptyContactCreation</b><br>Test class: com.example.tests.ContactCreationTests<br>Parameters: ContactData [firstname=, lastname=Domanc]</td>
<td></td>
<td>127</td>
<td>com.example.tests.ContactCreationTests@2d6d8735</td></tr>
<tr>
<td title='com.example.tests.ContactCreationTests.testNonEmptyContactCreation()'><b>testNonEmptyContactCreation</b><br>Test class: com.example.tests.ContactCreationTests<br>Parameters: ContactData [firstname=Innusik, lastname=text519805641]</td>
<td></td>
<td>68</td>
<td>com.example.tests.ContactCreationTests@2d6d8735</td></tr>
<tr>
<td title='com.example.tests.ContactCreationTests.testNonEmptyContactCreation()'><b>testNonEmptyContactCreation</b><br>Test class: com.example.tests.ContactCreationTests<br>Parameters: ContactData [firstname=Slava, lastname=Domanchuk]</td>
<td></td>
<td>73</td>
<td>com.example.tests.ContactCreationTests@2d6d8735</td></tr>
<tr>
<td title='com.example.tests.ContactCreationTests.testNonEmptyContactCreation()'><b>testNonEmptyContactCreation</b><br>Test class: com.example.tests.ContactCreationTests<br>Parameters: ContactData [firstname=Misha, lastname=Domanchuk]</td>
<td></td>
<td>69</td>
<td>com.example.tests.ContactCreationTests@2d6d8735</td></tr>
</table><p>
</body>
</html>