<?xml version="1.0" encoding="UTF-8"?>
<!-- Generated by org.testng.reporters.JUnitXMLReporter -->
<testsuite hostname="Saviour-PK" name="ModifyGroup" tests="5" failures="0" timestamp="16 Jan 2015 14:14:59 GMT" time="32.884" errors="0">
  <testcase name="modifySomeGroup" time="4.055" classname="com.example.tests.GroupModificationTests"/>
  <testcase name="modifySomeGroup" time="2.979" classname="com.example.tests.GroupModificationTests"/>
  <testcase name="modifySomeGroup" time="2.307" classname="com.example.tests.GroupModificationTests"/>
  <testcase name="modifySomeGroup" time="2.877" classname="com.example.tests.GroupModificationTests"/>
  <testcase name="modifySomeGroup" time="3.56" classname="com.example.tests.GroupModificationTests"/>
</testsuite> <!-- ModifyGroup -->
